<?xml version="1.0" encoding="UTF-8"?>
<testng-results ignored="0" total="1" passed="1" failed="0" skipped="0">
  <reporter-output>
  </reporter-output>
  <suite started-at="2020-08-26T13:25:56Z" name="Surefire suite" finished-at="2020-08-26T13:26:13Z" duration-ms="16291">
    <groups>
    </groups>
    <test started-at="2020-08-26T13:25:56Z" name="Surefire test" finished-at="2020-08-26T13:26:13Z" duration-ms="16291">
      <class name="io.ctdev.AppTest">
        <test-method signature="shouldAnswerWithTrue()[pri:0, instance:io.ctdev.AppTest@3891771e]" started-at="2020-08-26T13:25:56Z" name="shouldAnswerWithTrue" finished-at="2020-08-26T13:26:13Z" duration-ms="16253" status="PASS">
          <reporter-output>
          </reporter-output>
        </test-method> <!-- shouldAnswerWithTrue -->
      </class> <!-- io.ctdev.AppTest -->
    </test> <!-- Surefire test -->
  </suite> <!-- Surefire suite -->
</testng-results>
