<?xml version="1.0" encoding="UTF-8"?>
<testng-results skipped="0" failed="0" ignored="0" total="1" passed="1">
  <reporter-output>
  </reporter-output>
  <suite name="Surefire suite" duration-ms="28" started-at="2020-08-19T21:35:17Z" finished-at="2020-08-19T21:35:17Z">
    <groups>
    </groups>
    <test name="Surefire test" duration-ms="28" started-at="2020-08-19T21:35:17Z" finished-at="2020-08-19T21:35:17Z">
      <class name="io.ctdev.AppTest">
        <test-method status="PASS" signature="shouldAnswerWithTrue()[pri:0, instance:io.ctdev.AppTest@67b64c45]" name="shouldAnswerWithTrue" duration-ms="8" started-at="2020-08-19T21:35:17Z" finished-at="2020-08-19T21:35:17Z">
          <reporter-output>
          </reporter-output>
        </test-method> <!-- shouldAnswerWithTrue -->
      </class> <!-- io.ctdev.AppTest -->
    </test> <!-- Surefire test -->
  </suite> <!-- Surefire suite -->
</testng-results>
